[2025-01-22 11:35:20]	[info] incremental build: 62 source files changed
These source files will be recompiled
---
'e:\RM_CODE\SG_CHASSIS_C_2024_11_5\Core\Src\can.c': object (.o) file not exist
'e:\RM_CODE\SG_CHASSIS_C_2024_11_5\Core\Src\dma.c': object (.o) file not exist
'e:\RM_CODE\SG_CHASSIS_C_2024_11_5\Core\Src\freertos.c': object (.o) file not exist
'e:\RM_CODE\SG_CHASSIS_C_2024_11_5\Core\Src\gpio.c': object (.o) file not exist
'e:\RM_CODE\SG_CHASSIS_C_2024_11_5\Core\Src\main.c': object (.o) file not exist
'e:\RM_CODE\SG_CHASSIS_C_2024_11_5\Core\Src\stm32f4xx_hal_msp.c': object (.o) file not exist
'e:\RM_CODE\SG_CHASSIS_C_2024_11_5\Core\Src\stm32f4xx_hal_timebase_tim.c': object (.o) file not exist
'e:\RM_CODE\SG_CHASSIS_C_2024_11_5\Core\Src\stm32f4xx_it.c': object (.o) file not exist
'e:\RM_CODE\SG_CHASSIS_C_2024_11_5\Core\Src\system_stm32f4xx.c': object (.o) file not exist
'e:\RM_CODE\SG_CHASSIS_C_2024_11_5\Core\Src\tim.c': object (.o) file not exist
'e:\RM_CODE\SG_CHASSIS_C_2024_11_5\Core\Src\usart.c': object (.o) file not exist
'e:\RM_CODE\SG_CHASSIS_C_2024_11_5\Drivers\STM32F4xx_HAL_Driver\Src\stm32f4xx_hal.c': object (.o) file not exist
'e:\RM_CODE\SG_CHASSIS_C_2024_11_5\Drivers\STM32F4xx_HAL_Driver\Src\stm32f4xx_hal_can.c': object (.o) file not exist
'e:\RM_CODE\SG_CHASSIS_C_2024_11_5\Drivers\STM32F4xx_HAL_Driver\Src\stm32f4xx_hal_cortex.c': object (.o) file not exist
'e:\RM_CODE\SG_CHASSIS_C_2024_11_5\Drivers\STM32F4xx_HAL_Driver\Src\stm32f4xx_hal_dma.c': object (.o) file not exist
'e:\RM_CODE\SG_CHASSIS_C_2024_11_5\Drivers\STM32F4xx_HAL_Driver\Src\stm32f4xx_hal_dma_ex.c': object (.o) file not exist
'e:\RM_CODE\SG_CHASSIS_C_2024_11_5\Drivers\STM32F4xx_HAL_Driver\Src\stm32f4xx_hal_exti.c': object (.o) file not exist
'e:\RM_CODE\SG_CHASSIS_C_2024_11_5\Drivers\STM32F4xx_HAL_Driver\Src\stm32f4xx_hal_flash.c': object (.o) file not exist
'e:\RM_CODE\SG_CHASSIS_C_2024_11_5\Drivers\STM32F4xx_HAL_Driver\Src\stm32f4xx_hal_flash_ex.c': object (.o) file not exist
'e:\RM_CODE\SG_CHASSIS_C_2024_11_5\Drivers\STM32F4xx_HAL_Driver\Src\stm32f4xx_hal_flash_ramfunc.c': object (.o) file not exist
'e:\RM_CODE\SG_CHASSIS_C_2024_11_5\Drivers\STM32F4xx_HAL_Driver\Src\stm32f4xx_hal_gpio.c': object (.o) file not exist
'e:\RM_CODE\SG_CHASSIS_C_2024_11_5\Drivers\STM32F4xx_HAL_Driver\Src\stm32f4xx_hal_pwr.c': object (.o) file not exist
'e:\RM_CODE\SG_CHASSIS_C_2024_11_5\Drivers\STM32F4xx_HAL_Driver\Src\stm32f4xx_hal_pwr_ex.c': object (.o) file not exist
'e:\RM_CODE\SG_CHASSIS_C_2024_11_5\Drivers\STM32F4xx_HAL_Driver\Src\stm32f4xx_hal_rcc.c': object (.o) file not exist
'e:\RM_CODE\SG_CHASSIS_C_2024_11_5\Drivers\STM32F4xx_HAL_Driver\Src\stm32f4xx_hal_rcc_ex.c': object (.o) file not exist
'e:\RM_CODE\SG_CHASSIS_C_2024_11_5\Drivers\STM32F4xx_HAL_Driver\Src\stm32f4xx_hal_tim.c': object (.o) file not exist
'e:\RM_CODE\SG_CHASSIS_C_2024_11_5\Drivers\STM32F4xx_HAL_Driver\Src\stm32f4xx_hal_tim_ex.c': object (.o) file not exist
'e:\RM_CODE\SG_CHASSIS_C_2024_11_5\Drivers\STM32F4xx_HAL_Driver\Src\stm32f4xx_hal_uart.c': object (.o) file not exist
'e:\RM_CODE\SG_CHASSIS_C_2024_11_5\Middlewares\Third_Party\FreeRTOS\Source\CMSIS_RTOS_V2\cmsis_os2.c': object (.o) file not exist
'e:\RM_CODE\SG_CHASSIS_C_2024_11_5\Middlewares\Third_Party\FreeRTOS\Source\croutine.c': object (.o) file not exist
'e:\RM_CODE\SG_CHASSIS_C_2024_11_5\Middlewares\Third_Party\FreeRTOS\Source\event_groups.c': object (.o) file not exist
'e:\RM_CODE\SG_CHASSIS_C_2024_11_5\Middlewares\Third_Party\FreeRTOS\Source\list.c': object (.o) file not exist
'e:\RM_CODE\SG_CHASSIS_C_2024_11_5\Middlewares\Third_Party\FreeRTOS\Source\portable\MemMang\heap_4.c': object (.o) file not exist
'e:\RM_CODE\SG_CHASSIS_C_2024_11_5\Middlewares\Third_Party\FreeRTOS\Source\portable\RVDS\ARM_CM4F\port.c': object (.o) file not exist
'e:\RM_CODE\SG_CHASSIS_C_2024_11_5\Middlewares\Third_Party\FreeRTOS\Source\queue.c': object (.o) file not exist
'e:\RM_CODE\SG_CHASSIS_C_2024_11_5\Middlewares\Third_Party\FreeRTOS\Source\stream_buffer.c': object (.o) file not exist
'e:\RM_CODE\SG_CHASSIS_C_2024_11_5\Middlewares\Third_Party\FreeRTOS\Source\tasks.c': object (.o) file not exist
'e:\RM_CODE\SG_CHASSIS_C_2024_11_5\Middlewares\Third_Party\FreeRTOS\Source\timers.c': object (.o) file not exist
'e:\RM_CODE\SG_CHASSIS_C_2024_11_5\MDK-ARM\User\APP\Buzzer.cpp': object (.o) file not exist
'e:\RM_CODE\SG_CHASSIS_C_2024_11_5\MDK-ARM\User\APP\Dji_Motor.cpp': object (.o) file not exist
'e:\RM_CODE\SG_CHASSIS_C_2024_11_5\MDK-ARM\User\APP\Dm_Motor.cpp': object (.o) file not exist
'e:\RM_CODE\SG_CHASSIS_C_2024_11_5\MDK-ARM\User\APP\LED.cpp': object (.o) file not exist
'e:\RM_CODE\SG_CHASSIS_C_2024_11_5\MDK-ARM\User\APP\PM01.cpp': object (.o) file not exist
'e:\RM_CODE\SG_CHASSIS_C_2024_11_5\MDK-ARM\User\APP\PowerMeter.cpp': object (.o) file not exist
'e:\RM_CODE\SG_CHASSIS_C_2024_11_5\MDK-ARM\User\APP\State.cpp': object (.o) file not exist
'e:\RM_CODE\SG_CHASSIS_C_2024_11_5\MDK-ARM\User\APP\Tools.cpp': object (.o) file not exist
'e:\RM_CODE\SG_CHASSIS_C_2024_11_5\MDK-ARM\User\APP\Variable.cpp': object (.o) file not exist
'e:\RM_CODE\SG_CHASSIS_C_2024_11_5\MDK-ARM\User\Algorithm\PID.cpp': object (.o) file not exist
'e:\RM_CODE\SG_CHASSIS_C_2024_11_5\MDK-ARM\User\Algorithm\Wheel.cpp': object (.o) file not exist
'e:\RM_CODE\SG_CHASSIS_C_2024_11_5\MDK-ARM\User\BSP\BSP_Motor.cpp': object (.o) file not exist
'e:\RM_CODE\SG_CHASSIS_C_2024_11_5\MDK-ARM\User\BSP\Bsp_Can.cpp': object (.o) file not exist
'e:\RM_CODE\SG_CHASSIS_C_2024_11_5\MDK-ARM\User\BSP\Init.cpp': object (.o) file not exist
'e:\RM_CODE\SG_CHASSIS_C_2024_11_5\MDK-ARM\User\BSP\dr16.cpp': object (.o) file not exist
'e:\RM_CODE\SG_CHASSIS_C_2024_11_5\MDK-ARM\User\HAL\HAL.cpp': object (.o) file not exist
'e:\RM_CODE\SG_CHASSIS_C_2024_11_5\MDK-ARM\User\HAL\My_HAL.cpp': object (.o) file not exist
'e:\RM_CODE\SG_CHASSIS_C_2024_11_5\MDK-ARM\User\Task\CallBack.cpp': object (.o) file not exist
'e:\RM_CODE\SG_CHASSIS_C_2024_11_5\MDK-ARM\User\Task\ChassisTask.cpp': object (.o) file not exist
'e:\RM_CODE\SG_CHASSIS_C_2024_11_5\MDK-ARM\User\Task\CommunicationTask.cpp': object (.o) file not exist
'e:\RM_CODE\SG_CHASSIS_C_2024_11_5\MDK-ARM\User\Task\EvenTask.cpp': object (.o) file not exist
'e:\RM_CODE\SG_CHASSIS_C_2024_11_5\MDK-ARM\User\Task\PowerTask.cpp': object (.o) file not exist
'e:\RM_CODE\SG_CHASSIS_C_2024_11_5\MDK-ARM\User\Task\RefeeTask.cpp': object (.o) file not exist
'e:\RM_CODE\SG_CHASSIS_C_2024_11_5\MDK-ARM\startup_stm32f407xx.s': object (.o) file not exist

[2025-01-22 11:35:27]	[done]
	build successfully !

[2025-01-22 11:35:40]	[info] incremental build: 1 source files changed
These source files will be recompiled
---
'e:\RM_CODE\SG_CHASSIS_C_2024_11_5\MDK-ARM\User\APP\State.cpp': source file has been changed.

[2025-01-22 11:35:42]	[done]
	build successfully !

[2025-01-22 11:35:52]	[done]
	build successfully !

[2025-01-22 11:36:16]	[info] incremental build: 1 source files changed
These source files will be recompiled
---
'e:\RM_CODE\SG_CHASSIS_C_2024_11_5\MDK-ARM\User\APP\State.cpp': source file has been changed.

[2025-01-22 11:36:17]	[done]
	build successfully !

[2025-01-22 11:36:28]	[done]
	build successfully !

[2025-01-22 11:39:37]	[info] incremental build: 7 source files changed
These source files will be recompiled
---
'e:\RM_CODE\SG_CHASSIS_C_2024_11_5\MDK-ARM\User\APP\State.cpp': source file has been changed.
'e:\RM_CODE\SG_CHASSIS_C_2024_11_5\MDK-ARM\User\APP\Variable.cpp': source file has been changed.
'e:\RM_CODE\SG_CHASSIS_C_2024_11_5\MDK-ARM\User\HAL\My_HAL.cpp': dependence 'e:\RM_CODE\SG_CHASSIS_C_2024_11_5\MDK-ARM\User\APP\Variable.hpp' has been changed.
'e:\RM_CODE\SG_CHASSIS_C_2024_11_5\MDK-ARM\User\Task\CallBack.cpp': dependence 'e:\RM_CODE\SG_CHASSIS_C_2024_11_5\MDK-ARM\User\APP\Variable.hpp' has been changed.
'e:\RM_CODE\SG_CHASSIS_C_2024_11_5\MDK-ARM\User\Task\ChassisTask.cpp': dependence 'e:\RM_CODE\SG_CHASSIS_C_2024_11_5\MDK-ARM\User\APP\Variable.hpp' has been changed.
'e:\RM_CODE\SG_CHASSIS_C_2024_11_5\MDK-ARM\User\Task\EvenTask.cpp': dependence 'e:\RM_CODE\SG_CHASSIS_C_2024_11_5\MDK-ARM\User\APP\Variable.hpp' has been changed.
'e:\RM_CODE\SG_CHASSIS_C_2024_11_5\MDK-ARM\User\Task\PowerTask.cpp': dependence 'e:\RM_CODE\SG_CHASSIS_C_2024_11_5\MDK-ARM\User\APP\Variable.hpp' has been changed.

[2025-01-22 11:39:43]	[done]
	build successfully !

[2025-01-22 11:43:37]	[info] incremental build: 1 source files changed
These source files will be recompiled
---
'e:\RM_CODE\SG_CHASSIS_C_2024_11_5\MDK-ARM\User\APP\State.cpp': source file has been changed.

[2025-01-22 11:43:39]	[done]
	build successfully !

[2025-01-22 11:44:01]	[done]
	build successfully !

[2025-01-22 14:04:52]	[info] incremental build: 1 source files changed
These source files will be recompiled
---
'e:\RM_CODE\SG_CHASSIS_C_2024_11_5\MDK-ARM\User\APP\State.cpp': source file has been changed.

[2025-01-22 14:04:54]	[done]
	build successfully !

[2025-01-22 14:44:14]	[info] incremental build: 2 source files changed
These source files will be recompiled
---
'e:\RM_CODE\SG_CHASSIS_C_2024_11_5\MDK-ARM\User\APP\State.cpp': source file has been changed.
'e:\RM_CODE\SG_CHASSIS_C_2024_11_5\MDK-ARM\User\Algorithm\PID.cpp': source file has been changed.

[2025-01-22 14:44:16]	[done]
	build successfully !

[2025-01-22 14:53:28]	[info] incremental build: 1 source files changed
These source files will be recompiled
---
'e:\RM_CODE\SG_CHASSIS_C_2024_11_5\MDK-ARM\User\APP\State.cpp': source file has been changed.

[2025-01-22 14:53:29]	link failed !, exit code: 1
   at unify_builder.Program.Main(String[] args_)
---
Error: L6218E: Undefined symbol Ude::Ude() (referred from State.o).
Error: L6218E: Undefined symbol Ude::~Ude() (referred from State.o).
Not enough information to list image symbols.
Finished: 1 information, 0 warning and 2 error messages.


[2025-01-22 15:02:23]	[info] incremental build: 1 source files changed
These source files will be recompiled
---
'e:\RM_CODE\SG_CHASSIS_C_2024_11_5\MDK-ARM\User\APP\State.cpp': dependence 'e:\RM_CODE\SG_CHASSIS_C_2024_11_5\MDK-ARM\User\APP\..\Algorithm\Ude.hpp' has been changed.

[2025-01-22 15:02:24]	compilation failed at : "e:\RM_CODE\SG_CHASSIS_C_2024_11_5\MDK-ARM\User\APP\State.cpp", exit code: 1
command: 
  "D:\Keil5\ARM\ARMCLANG\bin\armclang.exe" --target=arm-arm-none-eabi -c -xc++ -std=c++14 -I../Core/Inc -I../Drivers/STM32F4xx_HAL_Driver/Inc -I../Drivers/STM32F4xx_HAL_Driver/Inc/Legacy -I../Middlewares/Third_Party/FreeRTOS/Source/include -I../Middlewares/Third_Party/FreeRTOS/Source/CMSIS_RTOS_V2 -I../Middlewares/Third_Party/FreeRTOS/Source/portable/RVDS/ARM_CM4F -I../Drivers/CMSIS/Device/ST/STM32F4xx/Include -I../Drivers/CMSIS/Include -I../../../AppData/Local/Arm/Packs/ARM/CMSIS-DSP/1.15.0/Include -I../Middlewares/ST/ARM/DSP/Inc -IUser/APP -IUser/BSP -IUser/Algorithm -IUser/HAL -IUser/Task -I.cmsis/include -IRTE/_SG_CHASSIS_C_2024_11_5 -DUSE_HAL_DRIVER -DSTM32F407xx -DARM_MATH_CM4 -D__FPU_PRESENT -mfloat-abi=hard -mfpu=fpv4-sp-d16 -mcpu=cortex-m4 -mlittle-endian -O3 -ffunction-sections -funsigned-char -fshort-enums -fshort-wchar -fno-rtti -Wno-packed -Wno-missing-variable-declarations -Wno-missing-prototypes -Wno-missing-noreturn -Wno-sign-conversion -Wno-nonportable-include-path -Wno-reserved-id-macro -Wno-unused-macros -Wno-documentation-unknown-command -Wno-documentation -Wno-license-management -Wno-parentheses-equality -g -o ./build/SG_CHASSIS_C_2024_11_5/.obj/User/APP/State.o -MMD ./User/APP/State.cpp
   at unify_builder.Program.Main(String[] args_)
---
./User/APP/State.cpp:6:5: error: no matching constructor for initialization of 'Ude'
Ude ude;
    ^
User/APP/../Algorithm/Ude.hpp:5:7: note: candidate constructor (the implicit copy constructor) not viable: requires 1 argument, but 0 were provided
class Ude
      ^
User/APP/../Algorithm/Ude.hpp:8:5: note: candidate constructor not viable: requires 3 arguments, but 0 were provided
    Ude(float k, float u_max, float break_I) : k_(k), u_max(u_max), break_I(break_I) { };
    ^
1 error generated.

[2025-01-22 15:02:54]	[info] incremental build: 1 source files changed
These source files will be recompiled
---
'e:\RM_CODE\SG_CHASSIS_C_2024_11_5\MDK-ARM\User\APP\State.cpp': object (.o) file not exist

[2025-01-22 15:02:56]	[done]
	build successfully !

[2025-01-22 16:19:13]	[info] incremental build: 1 source files changed
These source files will be recompiled
---
'e:\RM_CODE\SG_CHASSIS_C_2024_11_5\MDK-ARM\User\APP\State.cpp': dependence 'e:\RM_CODE\SG_CHASSIS_C_2024_11_5\MDK-ARM\User\APP\..\Algorithm\Ude.hpp' has been changed.

[2025-01-22 16:19:15]	[done]
	build successfully !

[2025-01-22 16:19:33]	[info] incremental build: 1 source files changed
These source files will be recompiled
---
'e:\RM_CODE\SG_CHASSIS_C_2024_11_5\MDK-ARM\User\APP\State.cpp': dependence 'e:\RM_CODE\SG_CHASSIS_C_2024_11_5\MDK-ARM\User\APP\..\Algorithm\Ude.hpp' has been changed.

[2025-01-22 16:19:34]	[done]
	build successfully !

[2025-01-22 16:23:53]	[info] incremental build: 1 source files changed
These source files will be recompiled
---
'e:\RM_CODE\SG_CHASSIS_C_2024_11_5\MDK-ARM\User\APP\State.cpp': source file has been changed.

[2025-01-22 16:23:54]	[done]
	build successfully !

[2025-01-22 16:24:19]	[info] incremental build: 1 source files changed
These source files will be recompiled
---
'e:\RM_CODE\SG_CHASSIS_C_2024_11_5\MDK-ARM\User\APP\Variable.cpp': source file has been changed.

[2025-01-22 16:24:21]	[done]
	build successfully !

[2025-01-22 16:26:41]	[info] incremental build: 1 source files changed
These source files will be recompiled
---
'e:\RM_CODE\SG_CHASSIS_C_2024_11_5\MDK-ARM\User\APP\State.cpp': source file has been changed.

[2025-01-22 16:26:43]	[done]
	build successfully !

[2025-01-25 17:54:50]	[info] incremental build: 10 source files changed
These source files will be recompiled
---
'e:\RM_CODE\SG_CHASSIS_C_2024_11_5\MDK-ARM\User\APP\State.cpp': dependence 'e:\RM_CODE\SG_CHASSIS_C_2024_11_5\MDK-ARM\User\BSP\dr16.hpp' has been changed.
'e:\RM_CODE\SG_CHASSIS_C_2024_11_5\MDK-ARM\User\APP\Variable.cpp': dependence 'e:\RM_CODE\SG_CHASSIS_C_2024_11_5\MDK-ARM\User\BSP\dr16.hpp' has been changed.
'e:\RM_CODE\SG_CHASSIS_C_2024_11_5\MDK-ARM\User\BSP\Init.cpp': dependence 'e:\RM_CODE\SG_CHASSIS_C_2024_11_5\MDK-ARM\User\BSP\dr16.hpp' has been changed.
'e:\RM_CODE\SG_CHASSIS_C_2024_11_5\MDK-ARM\User\BSP\dr16.cpp': dependence 'e:\RM_CODE\SG_CHASSIS_C_2024_11_5\MDK-ARM\User\BSP\dr16.hpp' has been changed.
'e:\RM_CODE\SG_CHASSIS_C_2024_11_5\MDK-ARM\User\HAL\My_HAL.cpp': dependence 'e:\RM_CODE\SG_CHASSIS_C_2024_11_5\MDK-ARM\User\BSP\dr16.hpp' has been changed.
'e:\RM_CODE\SG_CHASSIS_C_2024_11_5\MDK-ARM\User\Task\CallBack.cpp': dependence 'e:\RM_CODE\SG_CHASSIS_C_2024_11_5\MDK-ARM\User\BSP\dr16.hpp' has been changed.
'e:\RM_CODE\SG_CHASSIS_C_2024_11_5\MDK-ARM\User\Task\ChassisTask.cpp': dependence 'e:\RM_CODE\SG_CHASSIS_C_2024_11_5\MDK-ARM\User\BSP\dr16.hpp' has been changed.
'e:\RM_CODE\SG_CHASSIS_C_2024_11_5\MDK-ARM\User\Task\CommunicationTask.cpp': dependence 'e:\RM_CODE\SG_CHASSIS_C_2024_11_5\MDK-ARM\User\BSP\dr16.hpp' has been changed.
'e:\RM_CODE\SG_CHASSIS_C_2024_11_5\MDK-ARM\User\Task\EvenTask.cpp': dependence 'e:\RM_CODE\SG_CHASSIS_C_2024_11_5\MDK-ARM\User\BSP\dr16.hpp' has been changed.
'e:\RM_CODE\SG_CHASSIS_C_2024_11_5\MDK-ARM\User\Task\PowerTask.cpp': dependence 'e:\RM_CODE\SG_CHASSIS_C_2024_11_5\MDK-ARM\User\BSP\dr16.hpp' has been changed.

[2025-01-25 17:54:51]	compilation failed at : "e:\RM_CODE\SG_CHASSIS_C_2024_11_5\MDK-ARM\User\APP\State.cpp", exit code: 1
command: 
  "D:\Keil5\ARM\ARMCLANG\bin\armclang.exe" --target=arm-arm-none-eabi -c -xc++ -std=c++14 -I../Core/Inc -I../Drivers/STM32F4xx_HAL_Driver/Inc -I../Drivers/STM32F4xx_HAL_Driver/Inc/Legacy -I../Middlewares/Third_Party/FreeRTOS/Source/include -I../Middlewares/Third_Party/FreeRTOS/Source/CMSIS_RTOS_V2 -I../Middlewares/Third_Party/FreeRTOS/Source/portable/RVDS/ARM_CM4F -I../Drivers/CMSIS/Device/ST/STM32F4xx/Include -I../Drivers/CMSIS/Include -I../../../AppData/Local/Arm/Packs/ARM/CMSIS-DSP/1.15.0/Include -I../Middlewares/ST/ARM/DSP/Inc -IUser/APP -IUser/BSP -IUser/Algorithm -IUser/HAL -IUser/Task -I.cmsis/include -IRTE/_SG_CHASSIS_C_2024_11_5 -DUSE_HAL_DRIVER -DSTM32F407xx -DARM_MATH_CM4 -D__FPU_PRESENT -mfloat-abi=hard -mfpu=fpv4-sp-d16 -mcpu=cortex-m4 -mlittle-endian -O3 -ffunction-sections -funsigned-char -fshort-enums -fshort-wchar -fno-rtti -Wno-packed -Wno-missing-variable-declarations -Wno-missing-prototypes -Wno-missing-noreturn -Wno-sign-conversion -Wno-nonportable-include-path -Wno-reserved-id-macro -Wno-unused-macros -Wno-documentation-unknown-command -Wno-documentation -Wno-license-management -Wno-parentheses-equality -g -o ./build/SG_CHASSIS_C_2024_11_5/.obj/User/APP/State.o -MMD ./User/APP/State.cpp
   at unify_builder.Program.compileByMulThread(Int32 thrNum, CmdInfo[] cmds_, List`1 errLogs)
   at unify_builder.Program.Main(String[] args_)
---
./User/BSP/dr16.cpp:4:22: error: non-static data member defined out-of-line
RC_Ctl_t RM_Clicker::RC_Ctl = {0};               // 初始化
         ~~~~~~~~~~~~^
./User/BSP/dr16.cpp:5:27: error: non-static data member defined out-of-line
RM_StaticTime RM_Clicker::dirTime = {0}; // 初始化
              ~~~~~~~~~~~~^
./User/BSP/dr16.cpp:6:21: error: non-static data member defined out-of-line
uint8_t RM_Clicker::pData[18] = {0};     // 初始化
        ~~~~~~~~~~~~^
3 errors generated.
./User/APP/State.cpp:19:17: error: invalid use of non-static data member 'RC_Ctl'
    tar_vx.Calc(TAR_LX);
                ^~~~~~
User/APP/CommunicationTask.hpp:29:16: note: expanded from macro 'TAR_LX'
#define TAR_LX RC_LX
               ^~~~~
User/BSP\dr16.hpp:25:37: note: expanded from macro 'RC_LX'
#define RC_LX (int16_t)(RM_Clicker::RC_Ctl.rc.ch2 - 1024)
                        ~~~~~~~~~~~~^~~~~~
./User/APP/State.cpp:20:17: error: invalid use of non-static data member 'RC_Ctl'
    tar_vy.Calc(TAR_LY);
                ^~~~~~
User/APP/CommunicationTask.hpp:30:16: note: expanded from macro 'TAR_LY'
#define TAR_LY RC_LY
               ^~~~~
User/BSP\dr16.hpp:26:37: note: expanded from macro 'RC_LY'
#define RC_LY (int16_t)(RM_Clicker::RC_Ctl.rc.ch3 - 1024)
                        ~~~~~~~~~~~~^~~~~~
./User/APP/State.cpp:21:20: error: invalid use of non-static data member 'RC_Ctl'
    td_FF_Tar.Calc(TAR_LX);
                   ^~~~~~
User/APP/CommunicationTask.hpp:29:16: note: expanded from macro 'TAR_LX'
#define TAR_LX RC_LX
               ^~~~~
User/BSP\dr16.hpp:25:37: note: expanded from macro 'RC_LX'
#define RC_LX (int16_t)(RM_Clicker::RC_Ctl.rc.ch2 - 1024)
                        ~~~~~~~~~~~~^~~~~~
./User/APP/State.cpp:24:21: error: invalid use of non-static data member 'RC_Ctl'
        tar_vw.Calc(TAR_RX);
                    ^~~~~~
User/APP/CommunicationTask.hpp:31:16: note: expanded from macro 'TAR_RX'
#define TAR_RX RC_RX
               ^~~~~
User/BSP\dr16.hpp:27:37: note: expanded from macro 'RC_RX'
#define RC_RX (int16_t)(RM_Clicker::RC_Ctl.rc.ch0 - 1024)
                        ~~~~~~~~~~~~^~~~~~
4 errors generated.

[2025-01-25 17:55:23]	[info] incremental build: 10 source files changed
These source files will be recompiled
---
'e:\RM_CODE\SG_CHASSIS_C_2024_11_5\MDK-ARM\User\APP\State.cpp': object (.o) file not exist
'e:\RM_CODE\SG_CHASSIS_C_2024_11_5\MDK-ARM\User\APP\Variable.cpp': dependence 'e:\RM_CODE\SG_CHASSIS_C_2024_11_5\MDK-ARM\User\BSP\dr16.hpp' has been changed.
'e:\RM_CODE\SG_CHASSIS_C_2024_11_5\MDK-ARM\User\BSP\Init.cpp': dependence 'e:\RM_CODE\SG_CHASSIS_C_2024_11_5\MDK-ARM\User\BSP\dr16.hpp' has been changed.
'e:\RM_CODE\SG_CHASSIS_C_2024_11_5\MDK-ARM\User\BSP\dr16.cpp': object (.o) file not exist
'e:\RM_CODE\SG_CHASSIS_C_2024_11_5\MDK-ARM\User\HAL\My_HAL.cpp': dependence 'e:\RM_CODE\SG_CHASSIS_C_2024_11_5\MDK-ARM\User\BSP\dr16.hpp' has been changed.
'e:\RM_CODE\SG_CHASSIS_C_2024_11_5\MDK-ARM\User\Task\CallBack.cpp': dependence 'e:\RM_CODE\SG_CHASSIS_C_2024_11_5\MDK-ARM\User\BSP\dr16.hpp' has been changed.
'e:\RM_CODE\SG_CHASSIS_C_2024_11_5\MDK-ARM\User\Task\ChassisTask.cpp': dependence 'e:\RM_CODE\SG_CHASSIS_C_2024_11_5\MDK-ARM\User\BSP\dr16.hpp' has been changed.
'e:\RM_CODE\SG_CHASSIS_C_2024_11_5\MDK-ARM\User\Task\CommunicationTask.cpp': dependence 'e:\RM_CODE\SG_CHASSIS_C_2024_11_5\MDK-ARM\User\BSP\dr16.hpp' has been changed.
'e:\RM_CODE\SG_CHASSIS_C_2024_11_5\MDK-ARM\User\Task\EvenTask.cpp': dependence 'e:\RM_CODE\SG_CHASSIS_C_2024_11_5\MDK-ARM\User\BSP\dr16.hpp' has been changed.
'e:\RM_CODE\SG_CHASSIS_C_2024_11_5\MDK-ARM\User\Task\PowerTask.cpp': dependence 'e:\RM_CODE\SG_CHASSIS_C_2024_11_5\MDK-ARM\User\BSP\dr16.hpp' has been changed.

[2025-01-25 17:55:26]	[done]
	build successfully !

[2025-02-08 15:31:04]	[done]
	build successfully !

[2025-02-10 12:12:40]	[info] incremental build: 4 source files changed
These source files will be recompiled
---
'e:\RM_CODE\SG_CHASSIS_C_2024_11_5\MDK-ARM\User\APP\Buzzer.cpp': source file has been changed.
'e:\RM_CODE\SG_CHASSIS_C_2024_11_5\MDK-ARM\User\APP\CommunicationTask.cpp': object (.o) file not exist
'e:\RM_CODE\SG_CHASSIS_C_2024_11_5\MDK-ARM\User\APP\State.cpp': source file has been changed.
'e:\RM_CODE\SG_CHASSIS_C_2024_11_5\MDK-ARM\User\Task\CommunicationTask.cpp': source file has been changed.

[2025-02-10 12:12:43]	link failed !, exit code: 1
   at unify_builder.Program.Main(String[] args_)
---
Error: L6200E: Symbol CommunicationTask multiply defined (by CommunicationTask.o and CommunicationTask.o).
Error: L6200E: Symbol format multiply defined (by CommunicationTask.o and CommunicationTask.o).
Error: L6200E: Symbol Gimbal_to_Chassis_Data multiply defined (by CommunicationTask.o and CommunicationTask.o).
Not enough information to list image symbols.
Not enough information to list the image map.
Finished: 2 information, 0 warning and 3 error messages.


[2025-02-10 12:20:24]	[info] incremental build: 2 source files changed
These source files will be recompiled
---
'e:\RM_CODE\SG_CHASSIS_C_2024_11_5\MDK-ARM\User\APP\Buzzer.cpp': source file has been changed.
'e:\RM_CODE\SG_CHASSIS_C_2024_11_5\MDK-ARM\User\APP\LED.cpp': source file has been changed.

[2025-02-10 12:20:25]	link failed !, exit code: 1
   at unify_builder.Program.Main(String[] args_)
---
Error: L6200E: Symbol CommunicationTask multiply defined (by CommunicationTask.o and CommunicationTask.o).
Error: L6200E: Symbol format multiply defined (by CommunicationTask.o and CommunicationTask.o).
Error: L6200E: Symbol Gimbal_to_Chassis_Data multiply defined (by CommunicationTask.o and CommunicationTask.o).
Not enough information to list image symbols.
Not enough information to list the image map.
Finished: 2 information, 0 warning and 3 error messages.


[2025-02-10 12:27:08]	[info] incremental build: 1 source files changed
These source files will be recompiled
---
'e:\RM_CODE\SG_CHASSIS_C_2024_11_5\MDK-ARM\User\APP\LED.cpp': source file has been changed.

[2025-02-10 12:27:09]	link failed !, exit code: 1
   at unify_builder.Program.Main(String[] args_)
---
Error: L6200E: Symbol CommunicationTask multiply defined (by CommunicationTask.o and CommunicationTask.o).
Error: L6200E: Symbol format multiply defined (by CommunicationTask.o and CommunicationTask.o).
Error: L6200E: Symbol Gimbal_to_Chassis_Data multiply defined (by CommunicationTask.o and CommunicationTask.o).
Not enough information to list image symbols.
Not enough information to list the image map.
Finished: 2 information, 0 warning and 3 error messages.


[2025-02-10 13:47:26]	[info] incremental build: 3 source files changed
These source files will be recompiled
---
'e:\RM_CODE\SG_CHASSIS_C_2024_11_5\MDK-ARM\User\APP\Buzzer.cpp': source file has been changed.
'e:\RM_CODE\SG_CHASSIS_C_2024_11_5\MDK-ARM\User\APP\LED.cpp': source file has been changed.
'e:\RM_CODE\SG_CHASSIS_C_2024_11_5\MDK-ARM\User\Task\EvenTask.cpp': dependence 'e:\RM_CODE\SG_CHASSIS_C_2024_11_5\MDK-ARM\User\Task\..\APP\LED.h' has been changed.

[2025-02-10 13:47:28]	link failed !, exit code: 1
   at unify_builder.Program.Main(String[] args_)
---
Error: L6200E: Symbol CommunicationTask multiply defined (by CommunicationTask.o and CommunicationTask.o).
Error: L6200E: Symbol format multiply defined (by CommunicationTask.o and CommunicationTask.o).
Error: L6200E: Symbol Gimbal_to_Chassis_Data multiply defined (by CommunicationTask.o and CommunicationTask.o).
Not enough information to list image symbols.
Not enough information to list the image map.
Finished: 2 information, 0 warning and 3 error messages.


[2025-02-10 13:52:26]	[info] incremental build: 2 source files changed
These source files will be recompiled
---
'e:\RM_CODE\SG_CHASSIS_C_2024_11_5\MDK-ARM\User\APP\LED.cpp': source file has been changed.
'e:\RM_CODE\SG_CHASSIS_C_2024_11_5\MDK-ARM\User\Task\EvenTask.cpp': dependence 'e:\RM_CODE\SG_CHASSIS_C_2024_11_5\MDK-ARM\User\Task\..\APP\LED.h' has been changed.

[2025-02-10 13:52:27]	compilation failed at : "e:\RM_CODE\SG_CHASSIS_C_2024_11_5\MDK-ARM\User\APP\LED.cpp", exit code: 1
command: 
  "D:\Keil5\ARM\ARMCLANG\bin\armclang.exe" --target=arm-arm-none-eabi -c -xc++ -std=c++14 -I../Core/Inc -I../Drivers/STM32F4xx_HAL_Driver/Inc -I../Drivers/STM32F4xx_HAL_Driver/Inc/Legacy -I../Middlewares/Third_Party/FreeRTOS/Source/include -I../Middlewares/Third_Party/FreeRTOS/Source/CMSIS_RTOS_V2 -I../Middlewares/Third_Party/FreeRTOS/Source/portable/RVDS/ARM_CM4F -I../Drivers/CMSIS/Device/ST/STM32F4xx/Include -I../Drivers/CMSIS/Include -I../../../AppData/Local/Arm/Packs/ARM/CMSIS-DSP/1.15.0/Include -I../Middlewares/ST/ARM/DSP/Inc -IUser/APP -IUser/BSP -IUser/Algorithm -IUser/HAL -IUser/Task -I.cmsis/include -IRTE/_SG_CHASSIS_C_2024_11_5 -DUSE_HAL_DRIVER -DSTM32F407xx -DARM_MATH_CM4 -D__FPU_PRESENT -mfloat-abi=hard -mfpu=fpv4-sp-d16 -mcpu=cortex-m4 -mlittle-endian -O3 -ffunction-sections -funsigned-char -fshort-enums -fshort-wchar -fno-rtti -Wno-packed -Wno-missing-variable-declarations -Wno-missing-prototypes -Wno-missing-noreturn -Wno-sign-conversion -Wno-nonportable-include-path -Wno-reserved-id-macro -Wno-unused-macros -Wno-documentation-unknown-command -Wno-documentation -Wno-license-management -Wno-parentheses-equality -g -o ./build/SG_CHASSIS_C_2024_11_5/.obj/User/APP/LED.o -MMD ./User/APP/LED.cpp
   at unify_builder.Program.Main(String[] args_)
---
In file included from ./User/APP/LED.cpp:1:
User/APP/../APP/LED.h:37:10: error: virtual function 'Update' has a different return type ('bool') than the function it overrides (which has return type 'void')
    bool Update();
    ~~~~ ^
User/APP/../Task/EvenTask.hpp:47:18: note: overridden virtual function is here
    virtual void Update() = 0;
            ~~~~ ^
1 error generated.

[2025-02-10 13:52:54]	[info] incremental build: 2 source files changed
These source files will be recompiled
---
'e:\RM_CODE\SG_CHASSIS_C_2024_11_5\MDK-ARM\User\APP\LED.cpp': object (.o) file not exist
'e:\RM_CODE\SG_CHASSIS_C_2024_11_5\MDK-ARM\User\Task\EvenTask.cpp': dependence 'e:\RM_CODE\SG_CHASSIS_C_2024_11_5\MDK-ARM\User\Task\..\APP\LED.h' has been changed.

[2025-02-10 13:52:54]	compilation failed at : "e:\RM_CODE\SG_CHASSIS_C_2024_11_5\MDK-ARM\User\APP\LED.cpp", exit code: 1
command: 
  "D:\Keil5\ARM\ARMCLANG\bin\armclang.exe" --target=arm-arm-none-eabi -c -xc++ -std=c++14 -I../Core/Inc -I../Drivers/STM32F4xx_HAL_Driver/Inc -I../Drivers/STM32F4xx_HAL_Driver/Inc/Legacy -I../Middlewares/Third_Party/FreeRTOS/Source/include -I../Middlewares/Third_Party/FreeRTOS/Source/CMSIS_RTOS_V2 -I../Middlewares/Third_Party/FreeRTOS/Source/portable/RVDS/ARM_CM4F -I../Drivers/CMSIS/Device/ST/STM32F4xx/Include -I../Drivers/CMSIS/Include -I../../../AppData/Local/Arm/Packs/ARM/CMSIS-DSP/1.15.0/Include -I../Middlewares/ST/ARM/DSP/Inc -IUser/APP -IUser/BSP -IUser/Algorithm -IUser/HAL -IUser/Task -I.cmsis/include -IRTE/_SG_CHASSIS_C_2024_11_5 -DUSE_HAL_DRIVER -DSTM32F407xx -DARM_MATH_CM4 -D__FPU_PRESENT -mfloat-abi=hard -mfpu=fpv4-sp-d16 -mcpu=cortex-m4 -mlittle-endian -O3 -ffunction-sections -funsigned-char -fshort-enums -fshort-wchar -fno-rtti -Wno-packed -Wno-missing-variable-declarations -Wno-missing-prototypes -Wno-missing-noreturn -Wno-sign-conversion -Wno-nonportable-include-path -Wno-reserved-id-macro -Wno-unused-macros -Wno-documentation-unknown-command -Wno-documentation -Wno-license-management -Wno-parentheses-equality -g -o ./build/SG_CHASSIS_C_2024_11_5/.obj/User/APP/LED.o -MMD ./User/APP/LED.cpp
   at unify_builder.Program.Main(String[] args_)
---
In file included from ./User/APP/LED.cpp:1:
User/APP/../APP/LED.h:37:10: error: virtual function 'Update' has a different return type ('bool') than the function it overrides (which has return type 'void')
    bool Update();
    ~~~~ ^
User/APP/../Task/EvenTask.hpp:47:18: note: overridden virtual function is here
    virtual void Update() = 0;
            ~~~~ ^
1 error generated.

[2025-02-10 13:54:09]	[info] incremental build: 12 source files changed
These source files will be recompiled
---
'e:\RM_CODE\SG_CHASSIS_C_2024_11_5\MDK-ARM\User\APP\Buzzer.cpp': source file has been changed.
'e:\RM_CODE\SG_CHASSIS_C_2024_11_5\MDK-ARM\User\APP\CommunicationTask.cpp': dependence 'e:\RM_CODE\SG_CHASSIS_C_2024_11_5\MDK-ARM\User\Task\EvenTask.hpp' has been changed.
'e:\RM_CODE\SG_CHASSIS_C_2024_11_5\MDK-ARM\User\APP\LED.cpp': object (.o) file not exist
'e:\RM_CODE\SG_CHASSIS_C_2024_11_5\MDK-ARM\User\APP\State.cpp': dependence 'e:\RM_CODE\SG_CHASSIS_C_2024_11_5\MDK-ARM\User\Task\EvenTask.hpp' has been changed.
'e:\RM_CODE\SG_CHASSIS_C_2024_11_5\MDK-ARM\User\APP\Variable.cpp': dependence 'e:\RM_CODE\SG_CHASSIS_C_2024_11_5\MDK-ARM\User\Task\EvenTask.hpp' has been changed.
'e:\RM_CODE\SG_CHASSIS_C_2024_11_5\MDK-ARM\User\BSP\Init.cpp': dependence 'e:\RM_CODE\SG_CHASSIS_C_2024_11_5\MDK-ARM\User\Task\EvenTask.hpp' has been changed.
'e:\RM_CODE\SG_CHASSIS_C_2024_11_5\MDK-ARM\User\HAL\My_HAL.cpp': dependence 'e:\RM_CODE\SG_CHASSIS_C_2024_11_5\MDK-ARM\User\Task\EvenTask.hpp' has been changed.
'e:\RM_CODE\SG_CHASSIS_C_2024_11_5\MDK-ARM\User\Task\CallBack.cpp': dependence 'e:\RM_CODE\SG_CHASSIS_C_2024_11_5\MDK-ARM\User\Task\EvenTask.hpp' has been changed.
'e:\RM_CODE\SG_CHASSIS_C_2024_11_5\MDK-ARM\User\Task\ChassisTask.cpp': dependence 'e:\RM_CODE\SG_CHASSIS_C_2024_11_5\MDK-ARM\User\Task\EvenTask.hpp' has been changed.
'e:\RM_CODE\SG_CHASSIS_C_2024_11_5\MDK-ARM\User\Task\CommunicationTask.cpp': dependence 'e:\RM_CODE\SG_CHASSIS_C_2024_11_5\MDK-ARM\User\Task\EvenTask.hpp' has been changed.
'e:\RM_CODE\SG_CHASSIS_C_2024_11_5\MDK-ARM\User\Task\EvenTask.cpp': dependence 'e:\RM_CODE\SG_CHASSIS_C_2024_11_5\MDK-ARM\User\Task\EvenTask.hpp' has been changed.
'e:\RM_CODE\SG_CHASSIS_C_2024_11_5\MDK-ARM\User\Task\PowerTask.cpp': dependence 'e:\RM_CODE\SG_CHASSIS_C_2024_11_5\MDK-ARM\User\Task\EvenTask.hpp' has been changed.

[2025-02-10 13:54:12]	link failed !, exit code: 1
   at unify_builder.Program.Main(String[] args_)
---
Error: L6200E: Symbol CommunicationTask multiply defined (by CommunicationTask.o and CommunicationTask.o).
Error: L6200E: Symbol format multiply defined (by CommunicationTask.o and CommunicationTask.o).
Error: L6200E: Symbol Gimbal_to_Chassis_Data multiply defined (by CommunicationTask.o and CommunicationTask.o).
Not enough information to list image symbols.
Not enough information to list the image map.
Finished: 2 information, 0 warning and 3 error messages.


[2025-02-11 11:02:35]	[info] incremental build: 11 source files changed
These source files will be recompiled
---
'e:\RM_CODE\SG_CHASSIS_C_2024_11_5\MDK-ARM\User\APP\Buzzer.cpp': source file has been changed.
'e:\RM_CODE\SG_CHASSIS_C_2024_11_5\MDK-ARM\User\APP\CommunicationTask.cpp': dependence 'e:\RM_CODE\SG_CHASSIS_C_2024_11_5\MDK-ARM\User\APP\State.hpp' has been changed.
'e:\RM_CODE\SG_CHASSIS_C_2024_11_5\MDK-ARM\User\APP\Dji_Motor.cpp': source file has been changed.
'e:\RM_CODE\SG_CHASSIS_C_2024_11_5\MDK-ARM\User\APP\State.cpp': source file has been changed.
'e:\RM_CODE\SG_CHASSIS_C_2024_11_5\MDK-ARM\User\APP\Variable.cpp': dependence 'e:\RM_CODE\SG_CHASSIS_C_2024_11_5\MDK-ARM\User\APP\State.hpp' has been changed.
'e:\RM_CODE\SG_CHASSIS_C_2024_11_5\MDK-ARM\User\BSP\Init.cpp': dependence 'e:\RM_CODE\SG_CHASSIS_C_2024_11_5\MDK-ARM\User\APP\State.hpp' has been changed.
'e:\RM_CODE\SG_CHASSIS_C_2024_11_5\MDK-ARM\User\HAL\My_HAL.cpp': dependence 'e:\RM_CODE\SG_CHASSIS_C_2024_11_5\MDK-ARM\User\APP\State.hpp' has been changed.
'e:\RM_CODE\SG_CHASSIS_C_2024_11_5\MDK-ARM\User\Task\CallBack.cpp': dependence 'e:\RM_CODE\SG_CHASSIS_C_2024_11_5\MDK-ARM\User\APP\State.hpp' has been changed.
'e:\RM_CODE\SG_CHASSIS_C_2024_11_5\MDK-ARM\User\Task\ChassisTask.cpp': source file has been changed.
'e:\RM_CODE\SG_CHASSIS_C_2024_11_5\MDK-ARM\User\Task\EvenTask.cpp': dependence 'e:\RM_CODE\SG_CHASSIS_C_2024_11_5\MDK-ARM\User\APP\State.hpp' has been changed.
'e:\RM_CODE\SG_CHASSIS_C_2024_11_5\MDK-ARM\User\Task\PowerTask.cpp': dependence 'e:\RM_CODE\SG_CHASSIS_C_2024_11_5\MDK-ARM\User\APP\State.hpp' has been changed.

[2025-02-11 11:02:38]	compilation failed at : "e:\RM_CODE\SG_CHASSIS_C_2024_11_5\MDK-ARM\User\Task\ChassisTask.cpp", exit code: 1
command: 
  "D:\Keil5\ARM\ARMCLANG\bin\armclang.exe" --target=arm-arm-none-eabi -c -xc++ -std=c++14 -I../Core/Inc -I../Drivers/STM32F4xx_HAL_Driver/Inc -I../Drivers/STM32F4xx_HAL_Driver/Inc/Legacy -I../Middlewares/Third_Party/FreeRTOS/Source/include -I../Middlewares/Third_Party/FreeRTOS/Source/CMSIS_RTOS_V2 -I../Middlewares/Third_Party/FreeRTOS/Source/portable/RVDS/ARM_CM4F -I../Drivers/CMSIS/Device/ST/STM32F4xx/Include -I../Drivers/CMSIS/Include -I../../../AppData/Local/Arm/Packs/ARM/CMSIS-DSP/1.15.0/Include -I../Middlewares/ST/ARM/DSP/Inc -IUser/APP -IUser/BSP -IUser/Algorithm -IUser/HAL -IUser/Task -I.cmsis/include -IRTE/_SG_CHASSIS_C_2024_11_5 -DUSE_HAL_DRIVER -DSTM32F407xx -DARM_MATH_CM4 -D__FPU_PRESENT -mfloat-abi=hard -mfpu=fpv4-sp-d16 -mcpu=cortex-m4 -mlittle-endian -O3 -ffunction-sections -funsigned-char -fshort-enums -fshort-wchar -fno-rtti -Wno-packed -Wno-missing-variable-declarations -Wno-missing-prototypes -Wno-missing-noreturn -Wno-sign-conversion -Wno-nonportable-include-path -Wno-reserved-id-macro -Wno-unused-macros -Wno-documentation-unknown-command -Wno-documentation -Wno-license-management -Wno-parentheses-equality -g -o ./build/SG_CHASSIS_C_2024_11_5/.obj/User/Task/ChassisTask.o -MMD ./User/Task/ChassisTask.cpp
   at unify_builder.Program.compileByMulThread(Int32 thrNum, CmdInfo[] cmds_, List`1 errLogs)
   at unify_builder.Program.Main(String[] args_)
---
In file included from ./User/Task/ChassisTask.cpp:1:
User/Task/ChassisTask.hpp:7:28: error: expected class name
class Gimbal_Task : public Task
                           ^
User/Task/ChassisTask.hpp:25:25: error: only virtual member functions can be marked 'override'
    void executeState() override;
                        ^~~~~~~~
User/Task/ChassisTask.hpp:26:24: error: only virtual member functions can be marked 'override'
    void updateState() override;
                       ^~~~~~~~
User/Task/ChassisTask.hpp:37:5: error: use of undeclared identifier 'std'
    std::unique_ptr<StateHandler> m_stateHandler; // 当前状态处理器
    ^
User/Task/ChassisTask.hpp:37:21: error: unknown type name 'StateHandler'; did you mean 'StopHandler'?
    std::unique_ptr<StateHandler> m_stateHandler; // 当前状态处理器
                    ^~~~~~~~~~~~
                    StopHandler
User/Task/ChassisTask.hpp:33:11: note: 'StopHandler' declared here
    class StopHandler;
          ^
./User/Task/ChassisTask.cpp:14:3: error: use of undeclared identifier 'chassis_task'; did you mean 'ChassisTask'?
                chassis_task.upData();
                ^~~~~~~~~~~~
                ChassisTask
./User/Task/ChassisTask.cpp:9:6: note: 'ChassisTask' declared here
void ChassisTask(void *argument)
     ^
./User/Task/ChassisTask.cpp:14:15: error: member reference base type 'void (void *)' is not a structure or union
                chassis_task.upData();
                ~~~~~~~~~~~~^~~~~~~
7 errors generated.

[2025-02-11 11:05:16]	[info] incremental build: 2 source files changed
These source files will be recompiled
---
'e:\RM_CODE\SG_CHASSIS_C_2024_11_5\MDK-ARM\User\APP\State.cpp': source file has been changed.
'e:\RM_CODE\SG_CHASSIS_C_2024_11_5\MDK-ARM\User\Task\ChassisTask.cpp': object (.o) file not exist

[2025-02-11 11:05:16]	compilation failed at : "e:\RM_CODE\SG_CHASSIS_C_2024_11_5\MDK-ARM\User\APP\State.cpp", exit code: 1
command: 
  "D:\Keil5\ARM\ARMCLANG\bin\armclang.exe" --target=arm-arm-none-eabi -c -xc++ -std=c++14 -I../Core/Inc -I../Drivers/STM32F4xx_HAL_Driver/Inc -I../Drivers/STM32F4xx_HAL_Driver/Inc/Legacy -I../Middlewares/Third_Party/FreeRTOS/Source/include -I../Middlewares/Third_Party/FreeRTOS/Source/CMSIS_RTOS_V2 -I../Middlewares/Third_Party/FreeRTOS/Source/portable/RVDS/ARM_CM4F -I../Drivers/CMSIS/Device/ST/STM32F4xx/Include -I../Drivers/CMSIS/Include -I../../../AppData/Local/Arm/Packs/ARM/CMSIS-DSP/1.15.0/Include -I../Middlewares/ST/ARM/DSP/Inc -IUser/APP -IUser/BSP -IUser/Algorithm -IUser/HAL -IUser/Task -I.cmsis/include -IRTE/_SG_CHASSIS_C_2024_11_5 -DUSE_HAL_DRIVER -DSTM32F407xx -DARM_MATH_CM4 -D__FPU_PRESENT -mfloat-abi=hard -mfpu=fpv4-sp-d16 -mcpu=cortex-m4 -mlittle-endian -O3 -ffunction-sections -funsigned-char -fshort-enums -fshort-wchar -fno-rtti -Wno-packed -Wno-missing-variable-declarations -Wno-missing-prototypes -Wno-missing-noreturn -Wno-sign-conversion -Wno-nonportable-include-path -Wno-reserved-id-macro -Wno-unused-macros -Wno-documentation-unknown-command -Wno-documentation -Wno-license-management -Wno-parentheses-equality -g -o ./build/SG_CHASSIS_C_2024_11_5/.obj/User/APP/State.o -MMD ./User/APP/State.cpp
   at unify_builder.Program.Main(String[] args_)
---
./User/APP/State.cpp:14:1: error: unknown type name 'Chassis_task'; did you mean 'Chassis_Data_t'?
Chassis_task chassis_task;
^~~~~~~~~~~~
Chassis_Data_t
User/APP\Variable.hpp:70:3: note: 'Chassis_Data_t' declared here
} Chassis_Data_t;
  ^
./User/APP/State.cpp:17:6: error: use of undeclared identifier 'ChassisState'
void ChassisState::Tar_Updata()
     ^
./User/APP/State.cpp:35:6: error: use of undeclared identifier 'ChassisState'
void ChassisState::Wheel_UpData()
     ^
./User/APP/State.cpp:74:6: error: use of undeclared identifier 'ChassisState'
void ChassisState::Filtering()
     ^
./User/APP/State.cpp:82:6: error: use of undeclared identifier 'ChassisState'
void ChassisState::PID_Updata()
     ^
./User/APP/State.cpp:110:6: error: use of undeclared identifier 'ChassisState'
void ChassisState::CAN_Setting()
     ^
./User/APP/State.cpp:144:6: error: use of undeclared identifier 'ChassisState'
void ChassisState::CAN_Send()
     ^
./User/APP/State.cpp:164:6: error: use of undeclared identifier 'Universal_mode'
void Universal_mode::upData()
     ^
./User/APP/State.cpp:169:6: error: use of undeclared identifier 'Follow_mode'
void Follow_mode::upData()
     ^
./User/APP/State.cpp:179:6: error: use of undeclared identifier 'Rotating_mode'
void Rotating_mode::upData()
     ^
./User/APP/State.cpp:190:6: error: use of undeclared identifier 'Stop_mode'
void Stop_mode::upData()
     ^
./User/APP/State.cpp:215:1: error: unknown type name 'State'
State Chassis_task::GetState()
^
./User/APP/State.cpp:215:7: error: use of undeclared identifier 'Chassis_task'; did you mean 'Chassis_Data_t'?
State Chassis_task::GetState()
      ^~~~~~~~~~~~
      Chassis_Data_t
User/APP\Variable.hpp:70:3: note: 'Chassis_Data_t' declared here
} Chassis_Data_t;
  ^
./User/APP/State.cpp:218:16: error: use of undeclared identifier 'Stop_State'
        return Stop_State;
               ^
./User/APP/State.cpp:219:12: error: use of undeclared identifier 'Universal'
       if (Universal)
           ^
./User/APP/State.cpp:220:19: error: use of undeclared identifier 'Universal_State'
           return Universal_State;
                  ^
./User/APP/State.cpp:221:12: error: use of undeclared identifier 'Follow'
       if (Follow)
           ^
./User/APP/State.cpp:222:19: error: use of undeclared identifier 'Follow_State'
           return Follow_State;
                  ^
./User/APP/State.cpp:223:12: error: use of undeclared identifier 'Rotating'
       if (Rotating)
           ^
fatal error: too many errors emitted, stopping now [-ferror-limit=]
20 errors generated.

[2025-02-11 11:15:19]	[info] incremental build: 9 source files changed
These source files will be recompiled
---
'e:\RM_CODE\SG_CHASSIS_C_2024_11_5\MDK-ARM\User\APP\CommunicationTask.cpp': dependence 'e:\RM_CODE\SG_CHASSIS_C_2024_11_5\MDK-ARM\User\APP\State.hpp' has been changed.
'e:\RM_CODE\SG_CHASSIS_C_2024_11_5\MDK-ARM\User\APP\State.cpp': object (.o) file not exist
'e:\RM_CODE\SG_CHASSIS_C_2024_11_5\MDK-ARM\User\APP\Variable.cpp': dependence 'e:\RM_CODE\SG_CHASSIS_C_2024_11_5\MDK-ARM\User\APP\State.hpp' has been changed.
'e:\RM_CODE\SG_CHASSIS_C_2024_11_5\MDK-ARM\User\BSP\Init.cpp': dependence 'e:\RM_CODE\SG_CHASSIS_C_2024_11_5\MDK-ARM\User\APP\State.hpp' has been changed.
'e:\RM_CODE\SG_CHASSIS_C_2024_11_5\MDK-ARM\User\HAL\My_HAL.cpp': dependence 'e:\RM_CODE\SG_CHASSIS_C_2024_11_5\MDK-ARM\User\APP\State.hpp' has been changed.
'e:\RM_CODE\SG_CHASSIS_C_2024_11_5\MDK-ARM\User\Task\CallBack.cpp': dependence 'e:\RM_CODE\SG_CHASSIS_C_2024_11_5\MDK-ARM\User\APP\State.hpp' has been changed.
'e:\RM_CODE\SG_CHASSIS_C_2024_11_5\MDK-ARM\User\Task\ChassisTask.cpp': object (.o) file not exist
'e:\RM_CODE\SG_CHASSIS_C_2024_11_5\MDK-ARM\User\Task\EvenTask.cpp': dependence 'e:\RM_CODE\SG_CHASSIS_C_2024_11_5\MDK-ARM\User\APP\State.hpp' has been changed.
'e:\RM_CODE\SG_CHASSIS_C_2024_11_5\MDK-ARM\User\Task\PowerTask.cpp': dependence 'e:\RM_CODE\SG_CHASSIS_C_2024_11_5\MDK-ARM\User\APP\State.hpp' has been changed.

[2025-02-11 11:15:22]	compilation failed at : "e:\RM_CODE\SG_CHASSIS_C_2024_11_5\MDK-ARM\User\Task\ChassisTask.cpp", exit code: 1
command: 
  "D:\Keil5\ARM\ARMCLANG\bin\armclang.exe" --target=arm-arm-none-eabi -c -xc++ -std=c++14 -I../Core/Inc -I../Drivers/STM32F4xx_HAL_Driver/Inc -I../Drivers/STM32F4xx_HAL_Driver/Inc/Legacy -I../Middlewares/Third_Party/FreeRTOS/Source/include -I../Middlewares/Third_Party/FreeRTOS/Source/CMSIS_RTOS_V2 -I../Middlewares/Third_Party/FreeRTOS/Source/portable/RVDS/ARM_CM4F -I../Drivers/CMSIS/Device/ST/STM32F4xx/Include -I../Drivers/CMSIS/Include -I../../../AppData/Local/Arm/Packs/ARM/CMSIS-DSP/1.15.0/Include -I../Middlewares/ST/ARM/DSP/Inc -IUser/APP -IUser/BSP -IUser/Algorithm -IUser/HAL -IUser/Task -I.cmsis/include -IRTE/_SG_CHASSIS_C_2024_11_5 -DUSE_HAL_DRIVER -DSTM32F407xx -DARM_MATH_CM4 -D__FPU_PRESENT -mfloat-abi=hard -mfpu=fpv4-sp-d16 -mcpu=cortex-m4 -mlittle-endian -O3 -ffunction-sections -funsigned-char -fshort-enums -fshort-wchar -fno-rtti -Wno-packed -Wno-missing-variable-declarations -Wno-missing-prototypes -Wno-missing-noreturn -Wno-sign-conversion -Wno-nonportable-include-path -Wno-reserved-id-macro -Wno-unused-macros -Wno-documentation-unknown-command -Wno-documentation -Wno-license-management -Wno-parentheses-equality -g -o ./build/SG_CHASSIS_C_2024_11_5/.obj/User/Task/ChassisTask.o -MMD ./User/Task/ChassisTask.cpp
   at unify_builder.Program.compileByMulThread(Int32 thrNum, CmdInfo[] cmds_, List`1 errLogs)
   at unify_builder.Program.Main(String[] args_)
---
In file included from ./User/Task/ChassisTask.cpp:1:
User/Task/ChassisTask.hpp:7:29: error: expected class name
class Chassis_Task : public Task
                            ^
User/Task/ChassisTask.hpp:25:25: error: only virtual member functions can be marked 'override'
    void executeState() override;
                        ^~~~~~~~
User/Task/ChassisTask.hpp:26:24: error: only virtual member functions can be marked 'override'
    void updateState() override;
                       ^~~~~~~~
User/Task/ChassisTask.hpp:37:5: error: use of undeclared identifier 'std'
    std::unique_ptr<StateHandler> m_stateHandler; // 当前状态处理器
    ^
User/Task/ChassisTask.hpp:37:21: error: unknown type name 'StateHandler'; did you mean 'StopHandler'?
    std::unique_ptr<StateHandler> m_stateHandler; // 当前状态处理器
                    ^~~~~~~~~~~~
                    StopHandler
User/Task/ChassisTask.hpp:33:11: note: 'StopHandler' declared here
    class StopHandler;
          ^
In file included from ./User/Task/ChassisTask.cpp:3:
In file included from User/HAL/HAL.hpp:5:
In file included from D:\Keil5\ARM\ARMCLANG\bin\..\include\libcxx\string:527:
In file included from D:\Keil5\ARM\ARMCLANG\bin\..\include\libcxx\algorithm:670:
In file included from D:\Keil5\ARM\ARMCLANG\bin\..\include\libcxx\functional:506:
In file included from D:\Keil5\ARM\ARMCLANG\bin\..\include\libcxx\__functional/function.h:22:
In file included from D:\Keil5\ARM\ARMCLANG\bin\..\include\libcxx\__memory/shared_ptr.h:21:
D:\Keil5\ARM\ARMCLANG\bin\..\include\libcxx\__memory/allocator.h:151:28: error: no matching constructor for initialization of 'std::unique_ptr<Task>'
        ::new ((void*)__p) _Up(_VSTD::forward<_Args>(__args)...);
                           ^   ~~~~~~~~~~~~~~~~~~~~~~~~~~~~~
D:\Keil5\ARM\ARMCLANG\bin\..\include\libcxx\__memory/allocator_traits.h:290:13: note: in instantiation of function template specialization 'std::allocator<std::unique_ptr<Task>>::construct<std::unique_ptr<Task>, std::unique_ptr<Chassis_Task>>' requested here
        __a.construct(__p, _VSTD::forward<_Args>(__args)...);
            ^
D:\Keil5\ARM\ARMCLANG\bin\..\include\libcxx\vector:778:21: note: in instantiation of function template specialization 'std::allocator_traits<std::allocator<std::unique_ptr<Task>>>::construct<std::unique_ptr<Task>, std::unique_ptr<Chassis_Task>, void>' requested here
    __alloc_traits::construct(this->__alloc(), _VSTD::__to_address(__tx.__pos_),
                    ^
D:\Keil5\ARM\ARMCLANG\bin\..\include\libcxx\vector:1577:9: note: in instantiation of function template specialization 'std::vector<std::unique_ptr<Task>>::__construct_one_at_end<std::unique_ptr<Chassis_Task>>' requested here
        __construct_one_at_end(_VSTD::forward<_Args>(__args)...);
        ^
User/APP/State.hpp:75:17: note: in instantiation of function template specialization 'std::vector<std::unique_ptr<Task>>::emplace_back<std::unique_ptr<Chassis_Task>>' requested here
        m_tasks.emplace_back(
                ^
./User/Task/ChassisTask.cpp:12:17: note: in instantiation of function template specialization 'TaskManager::addTask<Chassis_Task>' requested here
    taskManager.addTask<Chassis_Task>();
                ^
D:\Keil5\ARM\ARMCLANG\bin\..\include\libcxx\__memory/unique_ptr.h:118:59: note: candidate constructor (the implicit copy constructor) not viable: no known conversion from 'unique_ptr<Chassis_Task, default_delete<Chassis_Task>>' to 'const unique_ptr<Task, default_delete<Task>>' for 1st argument
class _LIBCPP_UNIQUE_PTR_TRIVIAL_ABI _LIBCPP_TEMPLATE_VIS unique_ptr {
                                                          ^
D:\Keil5\ARM\ARMCLANG\bin\..\include\libcxx\__memory/unique_ptr.h:182:21: note: candidate constructor template not viable: no known conversion from 'std::unique_ptr<Chassis_Task>' to 'std::nullptr_t' for 1st argument
  _LIBCPP_CONSTEXPR unique_ptr(nullptr_t) _NOEXCEPT : __ptr_(__value_init_tag(), __value_init_tag()) {}
                    ^
D:\Keil5\ARM\ARMCLANG\bin\..\include\libcxx\__memory/unique_ptr.h:187:12: note: candidate constructor template not viable: no known conversion from 'std::unique_ptr<Chassis_Task>' to 'std::unique_ptr<Task>::pointer' (aka 'Task *') for 1st argument
  explicit unique_ptr(pointer __p) _NOEXCEPT : __ptr_(__p, __value_init_tag()) {}
           ^
D:\Keil5\ARM\ARMCLANG\bin\..\include\libcxx\__memory/unique_ptr.h:210:3: note: candidate constructor not viable: no known conversion from 'unique_ptr<Chassis_Task, default_delete<Chassis_Task>>' to 'unique_ptr<Task, default_delete<Task>>' for 1st argument
  unique_ptr(unique_ptr&& __u) _NOEXCEPT
  ^
D:\Keil5\ARM\ARMCLANG\bin\..\include\libcxx\__memory/unique_ptr.h:219:3: note: candidate template ignored: requirement 'is_convertible<Chassis_Task *, Task *>::value' was not satisfied [with _Up = Chassis_Task, _Ep = std::default_delete<Chassis_Task>]
  unique_ptr(unique_ptr<_Up, _Ep>&& __u) _NOEXCEPT
  ^
D:\Keil5\ARM\ARMCLANG\bin\..\include\libcxx\__memory/unique_ptr.h:225:3: note: candidate template ignored: could not match 'auto_ptr' against 'unique_ptr'
  unique_ptr(auto_ptr<_Up>&& __p,
  ^
D:\Keil5\ARM\ARMCLANG\bin\..\include\libcxx\__memory/unique_ptr.h:177:21: note: candidate constructor template not viable: requires 0 arguments, but 1 was provided
  _LIBCPP_CONSTEXPR unique_ptr() _NOEXCEPT : __ptr_(__value_init_tag(), __value_init_tag()) {}
                    ^
D:\Keil5\ARM\ARMCLANG\bin\..\include\libcxx\__memory/unique_ptr.h:192:3: note: candidate constructor template not viable: requires 2 arguments, but 1 was provided
  unique_ptr(pointer __p, _LValRefType<_Dummy> __d) _NOEXCEPT
  ^
D:\Keil5\ARM\ARMCLANG\bin\..\include\libcxx\__memory/unique_ptr.h:198:3: note: candidate constructor template not viable: requires 2 arguments, but 1 was provided
  unique_ptr(pointer __p, _GoodRValRefType<_Dummy> __d) _NOEXCEPT
  ^
D:\Keil5\ARM\ARMCLANG\bin\..\include\libcxx\__memory/unique_ptr.h:207:3: note: candidate constructor template not viable: requires 2 arguments, but 1 was provided
  unique_ptr(pointer __p, _BadRValRefType<_Dummy> __d) = delete;
  ^
6 errors generated.

[2025-02-11 11:15:53]	[info] incremental build: 1 source files changed
These source files will be recompiled
---
'e:\RM_CODE\SG_CHASSIS_C_2024_11_5\MDK-ARM\User\Task\ChassisTask.cpp': object (.o) file not exist

[2025-02-11 11:15:55]	link failed !, exit code: 1
   at unify_builder.Program.Main(String[] args_)
---
Error: L6200E: Symbol CommunicationTask multiply defined (by CommunicationTask.o and CommunicationTask.o).
Error: L6200E: Symbol taskManager multiply defined (by Variable.o and CommunicationTask.o).
Error: L6200E: Symbol taskManager multiply defined (by Init.o and CommunicationTask.o).
Error: L6200E: Symbol taskManager multiply defined (by My_HAL.o and CommunicationTask.o).
Error: L6200E: Symbol taskManager multiply defined (by CallBack.o and CommunicationTask.o).
Error: L6200E: Symbol taskManager multiply defined (by ChassisTask.o and CommunicationTask.o).
Error: L6200E: Symbol taskManager multiply defined (by EvenTask.o and CommunicationTask.o).
Error: L6200E: Symbol taskManager multiply defined (by PowerTask.o and CommunicationTask.o).
Error: L6200E: Symbol format multiply defined (by CommunicationTask.o and CommunicationTask.o).
Error: L6200E: Symbol Gimbal_to_Chassis_Data multiply defined (by CommunicationTask.o and CommunicationTask.o).
Not enough information to list image symbols.
Not enough information to list the image map.
Finished: 2 information, 0 warning and 10 error messages.


[2025-02-11 11:19:42]	[info] incremental build: 8 source files changed
These source files will be recompiled
---
'e:\RM_CODE\SG_CHASSIS_C_2024_11_5\MDK-ARM\User\APP\CommunicationTask.cpp': dependence 'e:\RM_CODE\SG_CHASSIS_C_2024_11_5\MDK-ARM\User\APP\State.hpp' has been changed.
'e:\RM_CODE\SG_CHASSIS_C_2024_11_5\MDK-ARM\User\APP\Variable.cpp': dependence 'e:\RM_CODE\SG_CHASSIS_C_2024_11_5\MDK-ARM\User\APP\State.hpp' has been changed.
'e:\RM_CODE\SG_CHASSIS_C_2024_11_5\MDK-ARM\User\BSP\Init.cpp': dependence 'e:\RM_CODE\SG_CHASSIS_C_2024_11_5\MDK-ARM\User\APP\State.hpp' has been changed.
'e:\RM_CODE\SG_CHASSIS_C_2024_11_5\MDK-ARM\User\HAL\My_HAL.cpp': dependence 'e:\RM_CODE\SG_CHASSIS_C_2024_11_5\MDK-ARM\User\APP\State.hpp' has been changed.
'e:\RM_CODE\SG_CHASSIS_C_2024_11_5\MDK-ARM\User\Task\CallBack.cpp': dependence 'e:\RM_CODE\SG_CHASSIS_C_2024_11_5\MDK-ARM\User\APP\State.hpp' has been changed.
'e:\RM_CODE\SG_CHASSIS_C_2024_11_5\MDK-ARM\User\Task\ChassisTask.cpp': dependence 'e:\RM_CODE\SG_CHASSIS_C_2024_11_5\MDK-ARM\User\Task\..\APP\State.hpp' has been changed.
'e:\RM_CODE\SG_CHASSIS_C_2024_11_5\MDK-ARM\User\Task\EvenTask.cpp': dependence 'e:\RM_CODE\SG_CHASSIS_C_2024_11_5\MDK-ARM\User\APP\State.hpp' has been changed.
'e:\RM_CODE\SG_CHASSIS_C_2024_11_5\MDK-ARM\User\Task\PowerTask.cpp': dependence 'e:\RM_CODE\SG_CHASSIS_C_2024_11_5\MDK-ARM\User\APP\State.hpp' has been changed.

[2025-02-11 11:19:44]	link failed !, exit code: 1
   at unify_builder.Program.Main(String[] args_)
---
Error: L6200E: Symbol CommunicationTask multiply defined (by CommunicationTask.o and CommunicationTask.o).
Error: L6200E: Symbol format multiply defined (by CommunicationTask.o and CommunicationTask.o).
Error: L6200E: Symbol Gimbal_to_Chassis_Data multiply defined (by CommunicationTask.o and CommunicationTask.o).
Not enough information to list image symbols.
Not enough information to list the image map.
Finished: 2 information, 0 warning and 3 error messages.


[2025-02-11 11:20:19]	[info] incremental build: 8 source files changed
These source files will be recompiled
---
'e:\RM_CODE\SG_CHASSIS_C_2024_11_5\MDK-ARM\User\APP\CommunicationTask.cpp': dependence 'e:\RM_CODE\SG_CHASSIS_C_2024_11_5\MDK-ARM\User\APP\State.hpp' has been changed.
'e:\RM_CODE\SG_CHASSIS_C_2024_11_5\MDK-ARM\User\APP\Variable.cpp': dependence 'e:\RM_CODE\SG_CHASSIS_C_2024_11_5\MDK-ARM\User\APP\State.hpp' has been changed.
'e:\RM_CODE\SG_CHASSIS_C_2024_11_5\MDK-ARM\User\BSP\Init.cpp': dependence 'e:\RM_CODE\SG_CHASSIS_C_2024_11_5\MDK-ARM\User\APP\State.hpp' has been changed.
'e:\RM_CODE\SG_CHASSIS_C_2024_11_5\MDK-ARM\User\HAL\My_HAL.cpp': dependence 'e:\RM_CODE\SG_CHASSIS_C_2024_11_5\MDK-ARM\User\APP\State.hpp' has been changed.
'e:\RM_CODE\SG_CHASSIS_C_2024_11_5\MDK-ARM\User\Task\CallBack.cpp': dependence 'e:\RM_CODE\SG_CHASSIS_C_2024_11_5\MDK-ARM\User\APP\State.hpp' has been changed.
'e:\RM_CODE\SG_CHASSIS_C_2024_11_5\MDK-ARM\User\Task\ChassisTask.cpp': source file has been changed.
'e:\RM_CODE\SG_CHASSIS_C_2024_11_5\MDK-ARM\User\Task\EvenTask.cpp': dependence 'e:\RM_CODE\SG_CHASSIS_C_2024_11_5\MDK-ARM\User\APP\State.hpp' has been changed.
'e:\RM_CODE\SG_CHASSIS_C_2024_11_5\MDK-ARM\User\Task\PowerTask.cpp': dependence 'e:\RM_CODE\SG_CHASSIS_C_2024_11_5\MDK-ARM\User\APP\State.hpp' has been changed.

[2025-02-11 11:20:21]	link failed !, exit code: 1
   at unify_builder.Program.Main(String[] args_)
---
Error: L6200E: Symbol CommunicationTask multiply defined (by CommunicationTask.o and CommunicationTask.o).
Error: L6200E: Symbol format multiply defined (by CommunicationTask.o and CommunicationTask.o).
Error: L6200E: Symbol Gimbal_to_Chassis_Data multiply defined (by CommunicationTask.o and CommunicationTask.o).
Not enough information to list image symbols.
Not enough information to list the image map.
Finished: 2 information, 0 warning and 3 error messages.


[2025-02-11 11:20:50]	link failed !, exit code: 1
   at unify_builder.Program.Main(String[] args_)
---
Error: L6200E: Symbol CommunicationTask multiply defined (by CommunicationTask.o and CommunicationTask.o).
Error: L6200E: Symbol format multiply defined (by CommunicationTask.o and CommunicationTask.o).
Error: L6200E: Symbol Gimbal_to_Chassis_Data multiply defined (by CommunicationTask.o and CommunicationTask.o).
Not enough information to list image symbols.
Not enough information to list the image map.
Finished: 2 information, 0 warning and 3 error messages.


[2025-02-11 11:22:39]	[info] incremental build: 1 source files changed
These source files will be recompiled
---
'e:\RM_CODE\SG_CHASSIS_C_2024_11_5\MDK-ARM\User\Task\ChassisTask.cpp': source file has been changed.

[2025-02-11 11:22:40]	link failed !, exit code: 1
   at unify_builder.Program.Main(String[] args_)
---
Error: L6200E: Symbol CommunicationTask multiply defined (by CommunicationTask.o and CommunicationTask.o).
Error: L6200E: Symbol format multiply defined (by CommunicationTask.o and CommunicationTask.o).
Error: L6200E: Symbol Gimbal_to_Chassis_Data multiply defined (by CommunicationTask.o and CommunicationTask.o).
Not enough information to list image symbols.
Not enough information to list the image map.
Finished: 2 information, 0 warning and 3 error messages.


